<?xml version="1.0" encoding="UTF-8"?>
<robot generator="Robot 4.0 (Python 3.9.2 on win32)" generated="20210405 20:50:48.292" rpa="false" schemaversion="2">
<suite id="s1" name="Tests" source="C:\robot\Tests">
<suite id="s1-s1" name="Test1" source="C:\robot\Tests\test1.robot">
<test id="s1-s1-t1" name="Scenario1: Valid Search">
<kw name="start session" library="hooks" type="SETUP">
<kw name="Open Browser" library="SeleniumLibrary">
<arg>${BASE_URL}</arg>
<arg>${BROWSER}</arg>
<doc>Opens a new browser instance to the optional ``url``.</doc>
<msg timestamp="20210405 20:50:48.699" level="INFO">Opening browser 'chrome' to base url 'https://www.amazon.com.br/'.</msg>
<status status="PASS" starttime="20210405 20:50:48.699" endtime="20210405 20:51:02.102"/>
</kw>
<kw name="Set Window Size" library="SeleniumLibrary">
<arg>1400</arg>
<arg>900</arg>
<doc>Sets current windows size to given ``width`` and ``height``.</doc>
<status status="PASS" starttime="20210405 20:51:02.103" endtime="20210405 20:51:02.291"/>
</kw>
<kw name="Set Selenium Implicit Wait" library="SeleniumLibrary">
<arg>${TIMEOUT}</arg>
<doc>Sets the implicit wait value used by Selenium.</doc>
<status status="PASS" starttime="20210405 20:51:02.291" endtime="20210405 20:51:02.297"/>
</kw>
<status status="PASS" starttime="20210405 20:50:48.698" endtime="20210405 20:51:02.298"/>
</kw>
<kw name="Given I have an desired item to search &quot;PS5&quot;" library="test1Page" sourcename="Given I have an desired item to search &quot;${item}&quot;">
<kw name="Set Test Variable" library="BuiltIn">
<arg>${item}</arg>
<doc>Makes a variable available everywhere within the scope of the current test.</doc>
<msg timestamp="20210405 20:51:02.304" level="INFO">${item} = PS5</msg>
<status status="PASS" starttime="20210405 20:51:02.303" endtime="20210405 20:51:02.304"/>
</kw>
<status status="PASS" starttime="20210405 20:51:02.303" endtime="20210405 20:51:02.305"/>
</kw>
<kw name="When I search for it" library="test1Page">
<kw name="Wait Until Element Is Visible" library="SeleniumLibrary">
<arg>${searchField}</arg>
<arg>${TIMEOUT}</arg>
<doc>Waits until the element ``locator`` is visible.</doc>
<status status="PASS" starttime="20210405 20:51:02.306" endtime="20210405 20:51:02.393"/>
</kw>
<kw name="Input Text" library="SeleniumLibrary">
<arg>${searchField}</arg>
<arg>${item}</arg>
<doc>Types the given ``text`` into the text field identified by ``locator``.</doc>
<msg timestamp="20210405 20:51:02.394" level="INFO">Typing text 'PS5' into text field 'id:twotabsearchtextbox'.</msg>
<status status="PASS" starttime="20210405 20:51:02.393" endtime="20210405 20:51:02.687"/>
</kw>
<kw name="Click Button" library="SeleniumLibrary">
<arg>${searchButton}</arg>
<doc>Clicks the button identified by ``locator``.</doc>
<msg timestamp="20210405 20:51:02.687" level="INFO">Clicking button 'css:input[id*=submit]'.</msg>
<status status="PASS" starttime="20210405 20:51:02.687" endtime="20210405 20:51:05.513"/>
</kw>
<kw name="Log" library="BuiltIn">
<arg>TestoProLog :)</arg>
<doc>Logs the given message with the given level.</doc>
<msg timestamp="20210405 20:51:05.514" level="INFO">TestoProLog :)</msg>
<status status="PASS" starttime="20210405 20:51:05.513" endtime="20210405 20:51:05.514"/>
</kw>
<status status="PASS" starttime="20210405 20:51:02.305" endtime="20210405 20:51:05.514"/>
</kw>
<kw name="Then I must see all results found" library="test1Page">
<kw name="Title Should Be" library="SeleniumLibrary">
<arg>Amazon.com.br : ${item}</arg>
<doc>Verifies that the current page title equals ``title``.</doc>
<msg timestamp="20210405 20:51:05.522" level="INFO">Page title is 'Amazon.com.br : PS5'.</msg>
<status status="PASS" starttime="20210405 20:51:05.515" endtime="20210405 20:51:05.522"/>
</kw>
<status status="PASS" starttime="20210405 20:51:05.514" endtime="20210405 20:51:05.522"/>
</kw>
<kw name="finish session" library="hooks" type="TEARDOWN">
<kw name="Capture Page Screenshot" library="SeleniumLibrary">
<doc>Takes a screenshot of the current page and embeds it into a log file.</doc>
<msg timestamp="20210405 20:51:05.864" level="INFO" html="true">&lt;/td&gt;&lt;/tr&gt;&lt;tr&gt;&lt;td colspan="3"&gt;&lt;a href="selenium-screenshot-16.png"&gt;&lt;img src="selenium-screenshot-16.png" width="800px"&gt;&lt;/a&gt;</msg>
<status status="PASS" starttime="20210405 20:51:05.523" endtime="20210405 20:51:05.865"/>
</kw>
<kw name="Close Browser" library="SeleniumLibrary">
<doc>Closes the current browser.</doc>
<status status="PASS" starttime="20210405 20:51:05.865" endtime="20210405 20:51:08.221"/>
</kw>
<status status="PASS" starttime="20210405 20:51:05.522" endtime="20210405 20:51:08.222"/>
</kw>
<status status="PASS" starttime="20210405 20:50:48.697" endtime="20210405 20:51:08.223"/>
</test>
<doc>Page test1</doc>
<status status="PASS" starttime="20210405 20:50:48.339" endtime="20210405 20:51:08.228"/>
</suite>
<status status="PASS" starttime="20210405 20:50:48.295" endtime="20210405 20:51:08.238"/>
</suite>
<statistics>
<total>
<stat pass="1" fail="0" skip="0">All Tests</stat>
</total>
<tag>
</tag>
<suite>
<stat pass="1" fail="0" skip="0" id="s1" name="Tests">Tests</stat>
<stat pass="1" fail="0" skip="0" id="s1-s1" name="Test1">Tests.Test1</stat>
</suite>
</statistics>
<errors>
</errors>
</robot>
